[0m14:27:30.603164 [debug] [MainThread]: Sending event: {'category': 'dbt', 'action': 'invocation', 'label': 'start', 'context': [<snowplow_tracker.self_describing_json.SelfDescribingJson object at 0x00000136DC024D70>, <snowplow_tracker.self_describing_json.SelfDescribingJson object at 0x00000136DD17BED0>, <snowplow_tracker.self_describing_json.SelfDescribingJson object at 0x00000136DD17BC50>]}


============================== 14:27:30.617972 | 58cffb5b-1538-4a55-b293-e316d2ca4b70 ==============================
[0m14:27:30.617972 [info ] [MainThread]: Running with dbt=1.11.2
[0m14:27:30.618854 [debug] [MainThread]: running dbt with arguments {'version_check': 'True', 'no_print': 'None', 'static_parser': 'True', 'target_path': 'None', 'warn_error_options': 'WarnErrorOptionsV2(error=[], warn=[], silence=[])', 'printer_width': '80', 'write_json': 'True', 'empty': 'False', 'log_cache_events': 'False', 'introspect': 'True', 'cache_selected_only': 'False', 'log_format': 'default', 'debug': 'False', 'fail_fast': 'False', 'partial_parse': 'True', 'send_anonymous_usage_stats': 'True', 'quiet': 'False', 'warn_error': 'None', 'profiles_dir': 'C:\\Users\\ryand\\.dbt', 'use_colors': 'True', 'invocation_command': 'dbt build --select int_loan_monthly_snapshot', 'indirect_selection': 'eager', 'use_experimental_parser': 'False', 'log_path': 'logs'}
[0m14:27:30.620627 [error] [MainThread]: Encountered an error:
Runtime Error
  No dbt_project.yml found at expected path C:\Users\ryand\fanniemae\dbt_project.yml
  Verify that each entry within packages.yml (and their transitive dependencies) contains a file named dbt_project.yml
  
[0m14:27:30.622555 [debug] [MainThread]: Command `dbt build` failed at 14:27:30.622282 after 0.30 seconds
[0m14:27:30.623037 [debug] [MainThread]: Sending event: {'category': 'dbt', 'action': 'invocation', 'label': 'end', 'context': [<snowplow_tracker.self_describing_json.SelfDescribingJson object at 0x00000136DD186060>, <snowplow_tracker.self_describing_json.SelfDescribingJson object at 0x00000136DD1B4EF0>, <snowplow_tracker.self_describing_json.SelfDescribingJson object at 0x00000136DCFFACF0>]}
[0m14:27:30.623501 [debug] [MainThread]: Flushing usage events
[0m14:27:31.566044 [debug] [MainThread]: An error was encountered while trying to flush usage events
[0m15:43:45.282622 [debug] [MainThread]: Sending event: {'category': 'dbt', 'action': 'invocation', 'label': 'start', 'context': [<snowplow_tracker.self_describing_json.SelfDescribingJson object at 0x00000262E9A84D70>, <snowplow_tracker.self_describing_json.SelfDescribingJson object at 0x00000262EABDBED0>, <snowplow_tracker.self_describing_json.SelfDescribingJson object at 0x00000262EABDBB10>]}


============================== 15:43:45.292029 | fa406a85-d2d3-4fc9-926a-b6131d30b88e ==============================
[0m15:43:45.292029 [info ] [MainThread]: Running with dbt=1.11.2
[0m15:43:45.293089 [debug] [MainThread]: running dbt with arguments {'static_parser': 'True', 'no_print': 'None', 'version_check': 'True', 'target_path': 'None', 'warn_error_options': 'WarnErrorOptionsV2(error=[], warn=[], silence=[])', 'printer_width': '80', 'write_json': 'True', 'empty': 'False', 'log_cache_events': 'False', 'introspect': 'True', 'cache_selected_only': 'False', 'fail_fast': 'False', 'debug': 'False', 'log_format': 'default', 'partial_parse': 'True', 'send_anonymous_usage_stats': 'True', 'quiet': 'False', 'warn_error': 'None', 'profiles_dir': 'C:\\Users\\ryand\\.dbt', 'use_colors': 'True', 'invocation_command': 'dbt build --select int_loan_monthly_snapshot', 'indirect_selection': 'eager', 'use_experimental_parser': 'False', 'log_path': 'logs'}
[0m15:43:45.293935 [error] [MainThread]: Encountered an error:
Runtime Error
  No dbt_project.yml found at expected path C:\Users\ryand\fanniemae\dbt_project.yml
  Verify that each entry within packages.yml (and their transitive dependencies) contains a file named dbt_project.yml
  
[0m15:43:45.295327 [debug] [MainThread]: Command `dbt build` failed at 15:43:45.295127 after 0.33 seconds
[0m15:43:45.295755 [debug] [MainThread]: Sending event: {'category': 'dbt', 'action': 'invocation', 'label': 'end', 'context': [<snowplow_tracker.self_describing_json.SelfDescribingJson object at 0x00000262EABE6060>, <snowplow_tracker.self_describing_json.SelfDescribingJson object at 0x00000262EAC14EF0>, <snowplow_tracker.self_describing_json.SelfDescribingJson object at 0x00000262EAA5ABE0>]}
[0m15:43:45.296297 [debug] [MainThread]: Flushing usage events
[0m15:43:46.531152 [debug] [MainThread]: An error was encountered while trying to flush usage events
